This is pdfTeX, Version 3.14159265-2.6-1.40.18 (TeX Live 2017/Debian) (preloaded format=pdflatex 2023.6.10)  11 APR 2024 10:29
entering extended mode
 restricted \write18 enabled.
 %&-line parsing enabled.
**mines-example-dissertation.tex
(./mines-example-dissertation.tex
LaTeX2e <2017-04-15>
Babel <3.18> and hyphenation patterns for 7 language(s) loaded.
(/usr/share/texlive/texmf-dist/tex/latex/base/article.cls
Document Class: article 2014/09/29 v1.4h Standard LaTeX document class
(/usr/share/texlive/texmf-dist/tex/latex/base/size10.clo
File: size10.clo 2014/09/29 v1.4h Standard LaTeX file (size option)
)
\c@part=\count79
\c@section=\count80
\c@subsection=\count81
\c@subsubsection=\count82
\c@paragraph=\count83
\c@subparagraph=\count84
\c@figure=\count85
\c@table=\count86
\abovecaptionskip=\skip41
\belowcaptionskip=\skip42
\bibindent=\dimen102
) (./csm-thesis.sty
Package: csm-thesis 2020/01/10 v1.0 csm-thesis file

(/usr/share/texlive/texmf-dist/tex/latex/setspace/setspace.sty
Package: setspace 2011/12/19 v6.7a set line spacing
)
(./csm-style-files/csm-thesis-sanity.sty)
(./csm-style-files/csm-thesis-environments.sty
\c@csm@abstract@words=\count87
\c@csm@longtable@pages=\count88
\c@csm@longtable@startpage=\count89
\c@csm@last@longtable@count=\count90
\temp@output@box=\box26
\csm@temp@header=\box27
\c@csm@sideways@depth=\count91
)
(./csm-style-files/csm-thesis-title.sty
(/usr/share/texlive/texmf-dist/tex/latex/textcase/textcase.sty
Package: textcase 2004/10/07 v0.07 Text only upper/lower case changing (DPC)
)
\temp@box=\box28
\temp@trapezoid@box=\box29
\best@trapezoid@box=\box30
\last@trapezoid@box=\box31
\c@trap@push@temp=\count92
\temp@trapezoid@text=\toks14
\@tempwidth=\dimen103
\trapezoid@width@value=\dimen104
\trapezoid@new@width=\dimen105
\temp@line@width=\dimen106
\temp@line@height=\dimen107
\test@line@width=\dimen108
\c@trap@push@lineone=\count93
\c@titlewidth@lines=\count94
\c@titlewidth@cnt=\count95
\@titlewidth@max=\skip43
\@titlewidth@diff=\skip44
\@titlewidth@flex=\skip45
\@titlewidth=\skip46
\temp@pdftitle@text=\toks15
)
(./csm-style-files/csm-thesis-lists.sty
\c@csm@list@i=\count96
\c@csm@list@j=\count97
\c@csm@list@k=\count98
\c@csm@list@length=\count99
\c@csm@list@strlen=\count100
\c@csm@list@strlenA=\count101
\c@csm@list@strlenB=\count102
\c@csm@list@findchar=\count103
\c@csm@list@findchar@i=\count104
\c@csm@list@char@A=\count105
\c@csm@list@char@B=\count106
\c@csm@list@char@temp=\count107
\c@csm@list@tempA=\count108
\c@csm@list@tempB=\count109
\temp@stripspace@text=\toks16
\c@csm@tocentry@count=\count110
\c@csm@num@tables=\count111
\c@csm@num@figures=\count112
\csm@temp@list@boxA=\box32
\csm@temp@list@boxB=\box33
\l@chapter@indent=\skip47
\l@appendix@indent=\skip48
\csm@contentsline@findkeylength@boxA=\box34
\csm@contentsline@findkeylength@boxB=\box35
\csm@contentsline@findkeylength@length=\skip49
)
(./csm-style-files/csm-thesis-sections.sty
\c@csmsectionline=\count113
\csm@temp@box=\box36
\c@chapter=\count114
\c@appendix=\count115
\c@csm@redefined@appendix=\count116
\csm@redefined@appendix@saved=\count117
)
\c@csmpage=\count118
\c@truepage=\count119
\c@emptypage=\count120

(/usr/share/texlive/texmf-dist/tex/latex/geometry/geometry.sty
Package: geometry 2010/09/12 v5.6 Page Geometry

(/usr/share/texlive/texmf-dist/tex/latex/graphics/keyval.sty
Package: keyval 2014/10/28 v1.15 key=value parser (DPC)
\KV@toks@=\toks17
)
(/usr/share/texlive/texmf-dist/tex/generic/oberdiek/ifpdf.sty
Package: ifpdf 2017/03/15 v3.2 Provides the ifpdf switch
)
(/usr/share/texlive/texmf-dist/tex/generic/oberdiek/ifvtex.sty
Package: ifvtex 2016/05/16 v1.6 Detect VTeX and its facilities (HO)
Package ifvtex Info: VTeX not detected.
)
(/usr/share/texlive/texmf-dist/tex/generic/ifxetex/ifxetex.sty
Package: ifxetex 2010/09/12 v0.6 Provides ifxetex conditional
)
\Gm@cnth=\count121
\Gm@cntv=\count122
\c@Gm@tempcnt=\count123
\Gm@bindingoffset=\dimen109
\Gm@wd@mp=\dimen110
\Gm@odd@mp=\dimen111
\Gm@even@mp=\dimen112
\Gm@layoutwidth=\dimen113
\Gm@layoutheight=\dimen114
\Gm@layouthoffset=\dimen115
\Gm@layoutvoffset=\dimen116
\Gm@dimlist=\toks18
)
(/usr/share/texlive/texmf-dist/tex/latex/placeins/placeins.sty
Package: placeins 2005/04/18  v 2.2
)
\csm@titletext=\box37
\csm@saved@contents=\toks19
\c@csm@figure@heredefinitely=\count124

(/usr/share/texlive/texmf-dist/tex/latex/float/float.sty
Package: float 2001/11/08 v1.3d Float enhancements (AL)
\c@float@type=\count125
\float@exts=\toks20
\float@box=\box38
\@float@everytoks=\toks21
\@floatcapt=\box39
)
(/usr/share/texlive/texmf-dist/tex/latex/graphics/graphicx.sty
Package: graphicx 2017/06/01 v1.1a Enhanced LaTeX Graphics (DPC,SPQR)

(/usr/share/texlive/texmf-dist/tex/latex/graphics/graphics.sty
Package: graphics 2017/06/25 v1.2c Standard LaTeX Graphics (DPC,SPQR)

(/usr/share/texlive/texmf-dist/tex/latex/graphics/trig.sty
Package: trig 2016/01/03 v1.10 sin cos tan (DPC)
)
(/usr/share/texlive/texmf-dist/tex/latex/graphics-cfg/graphics.cfg
File: graphics.cfg 2016/06/04 v1.11 sample graphics configuration
)
Package graphics Info: Driver file: pdftex.def on input line 99.

(/usr/share/texlive/texmf-dist/tex/latex/graphics-def/pdftex.def
File: pdftex.def 2018/01/08 v1.0l Graphics/color driver for pdftex
))
\Gin@req@height=\dimen117
\Gin@req@width=\dimen118
)
\csm@table@indent=\skip50
\c@csm@label@j=\count126
\c@csm@label@k=\count127
\c@csm@label@count=\count128

(/usr/share/texlive/texmf-dist/tex/latex/footmisc/footmisc.sty
Package: footmisc 2011/06/06 v5.5b a miscellany of footnote facilities
\FN@temptoken=\toks22
\footnotemargin=\dimen119
\c@pp@next@reset=\count129
Package footmisc Info: Declaring symbol style bringhurst on input line 855.
Package footmisc Info: Declaring symbol style chicago on input line 863.
Package footmisc Info: Declaring symbol style wiley on input line 872.
Package footmisc Info: Declaring symbol style lamport-robust on input line 883.

Package footmisc Info: Declaring symbol style lamport* on input line 903.
Package footmisc Info: Declaring symbol style lamport*-robust on input line 924
.
)
\c@csm@symbol@symbolnote=\count130
\c@csm@symbol@numberednote=\count131

(/usr/share/texlive/texmf-dist/tex/latex/caption/caption.sty
Package: caption 2016/02/21 v3.3-144 Customizing captions (AR)

(/usr/share/texlive/texmf-dist/tex/latex/caption/caption3.sty
Package: caption3 2016/05/22 v1.7-166 caption3 kernel (AR)
Package caption3 Info: TeX engine: e-TeX on input line 67.
\captionmargin=\dimen120
\captionmargin@=\dimen121
\captionwidth=\dimen122
\caption@tempdima=\dimen123
\caption@indent=\dimen124
\caption@parindent=\dimen125
\caption@hangindent=\dimen126
)
\c@ContinuedFloat=\count132
Package caption Info: float package is loaded.
)
(./csm-style-files/csm-thesis-compat.sty
\c@csm@multibib@job=\count133
)
(/usr/share/texlive/texmf-dist/tex/latex/url/url.sty
\Urlmuskip=\muskip10
Package: url 2013/09/16  ver 3.4  Verb mode for urls, etc.
)
(./csm-style-files/csm-thesis-encoding.sty
\c@csm@encoding@count=\count134
))
(/usr/share/texlive/texmf-dist/tex/latex/tools/array.sty
Package: array 2016/10/06 v2.4d Tabular extension package (FMi)
\col@sep=\dimen127
\extrarowheight=\dimen128
\NC@list=\toks23
\extratabsurround=\skip51
\backup@length=\skip52
)
(/usr/share/texlive/texmf-dist/tex/latex/tools/longtable.sty
Package: longtable 2014/10/28 v4.11 Multi-page Table package (DPC)
\LTleft=\skip53
\LTright=\skip54
\LTpre=\skip55
\LTpost=\skip56
\LTchunksize=\count135
\LTcapwidth=\dimen129
\LT@head=\box40
\LT@firsthead=\box41
\LT@foot=\box42
\LT@lastfoot=\box43
\LT@cols=\count136
\LT@rows=\count137
\c@LT@tables=\count138
\c@LT@chunks=\count139
\LT@p@ftn=\toks24
)
(/usr/share/texlive/texmf-dist/tex/latex/natbib/natbib.sty
Package: natbib 2010/09/13 8.31b (PWD, AO)
\bibhang=\skip57
\bibsep=\skip58
LaTeX Info: Redefining \cite on input line 694.
\c@NAT@ctr=\count140
)
(/usr/share/texlive/texmf-dist/tex/latex/hyperref/hyperref.sty
Package: hyperref 2018/02/06 v6.86b Hypertext links for LaTeX

(/usr/share/texlive/texmf-dist/tex/generic/oberdiek/hobsub-hyperref.sty
Package: hobsub-hyperref 2016/05/16 v1.14 Bundle oberdiek, subset hyperref (HO)


(/usr/share/texlive/texmf-dist/tex/generic/oberdiek/hobsub-generic.sty
Package: hobsub-generic 2016/05/16 v1.14 Bundle oberdiek, subset generic (HO)
Package: hobsub 2016/05/16 v1.14 Construct package bundles (HO)
Package: infwarerr 2016/05/16 v1.4 Providing info/warning/error messages (HO)
Package: ltxcmds 2016/05/16 v1.23 LaTeX kernel commands for general use (HO)
Package: ifluatex 2016/05/16 v1.4 Provides the ifluatex switch (HO)
Package ifluatex Info: LuaTeX not detected.
Package hobsub Info: Skipping package `ifvtex' (already loaded).
Package: intcalc 2016/05/16 v1.2 Expandable calculations with integers (HO)
Package hobsub Info: Skipping package `ifpdf' (already loaded).
Package: etexcmds 2016/05/16 v1.6 Avoid name clashes with e-TeX commands (HO)
Package etexcmds Info: Could not find \expanded.
(etexcmds)             That can mean that you are not using pdfTeX 1.50 or
(etexcmds)             that some package has redefined \expanded.
(etexcmds)             In the latter case, load this package earlier.
Package: kvsetkeys 2016/05/16 v1.17 Key value parser (HO)
Package: kvdefinekeys 2016/05/16 v1.4 Define keys (HO)
Package: pdftexcmds 2018/01/21 v0.26 Utility functions of pdfTeX for LuaTeX (HO
)
Package pdftexcmds Info: LuaTeX not detected.
Package pdftexcmds Info: \pdf@primitive is available.
Package pdftexcmds Info: \pdf@ifprimitive is available.
Package pdftexcmds Info: \pdfdraftmode found.
Package: pdfescape 2016/05/16 v1.14 Implements pdfTeX's escape features (HO)
Package: bigintcalc 2016/05/16 v1.4 Expandable calculations on big integers (HO
)
Package: bitset 2016/05/16 v1.2 Handle bit-vector datatype (HO)
Package: uniquecounter 2016/05/16 v1.3 Provide unlimited unique counter (HO)
)
Package hobsub Info: Skipping package `hobsub' (already loaded).
Package: letltxmacro 2016/05/16 v1.5 Let assignment for LaTeX macros (HO)
Package: hopatch 2016/05/16 v1.3 Wrapper for package hooks (HO)
Package: xcolor-patch 2016/05/16 xcolor patch
Package: atveryend 2016/05/16 v1.9 Hooks at the very end of document (HO)
Package atveryend Info: \enddocument detected (standard20110627).
Package: atbegshi 2016/06/09 v1.18 At begin shipout hook (HO)
Package: refcount 2016/05/16 v3.5 Data extraction from label references (HO)
Package: hycolor 2016/05/16 v1.8 Color options for hyperref/bookmark (HO)
)
(/usr/share/texlive/texmf-dist/tex/latex/oberdiek/auxhook.sty
Package: auxhook 2016/05/16 v1.4 Hooks for auxiliary files (HO)


Package auxhook Warning: Cannot patch \document,
(auxhook)                using \AtBeginDocument instead.

) (/usr/share/texlive/texmf-dist/tex/latex/oberdiek/kvoptions.sty
Package: kvoptions 2016/05/16 v3.12 Key value format for package options (HO)
)
\@linkdim=\dimen130
\Hy@linkcounter=\count141
\Hy@pagecounter=\count142

(/usr/share/texlive/texmf-dist/tex/latex/hyperref/pd1enc.def
File: pd1enc.def 2018/02/06 v6.86b Hyperref: PDFDocEncoding definition (HO)
)
\Hy@SavedSpaceFactor=\count143

(/usr/share/texlive/texmf-dist/tex/latex/latexconfig/hyperref.cfg
File: hyperref.cfg 2002/06/06 v1.2 hyperref configuration of TeXLive
)
Package hyperref Info: Option `breaklinks' set `true' on input line 4383.
Package hyperref Info: Hyper figures OFF on input line 4509.
Package hyperref Info: Link nesting OFF on input line 4514.
Package hyperref Info: Hyper index ON on input line 4517.
Package hyperref Info: Plain pages OFF on input line 4524.
Package hyperref Info: Backreferencing OFF on input line 4529.
Package hyperref Info: Implicit mode ON; LaTeX internals redefined.
Package hyperref Info: Bookmarks ON on input line 4762.
\c@Hy@tempcnt=\count144
LaTeX Info: Redefining \url on input line 5115.
\XeTeXLinkMargin=\dimen131
\Fld@menulength=\count145
\Field@Width=\dimen132
\Fld@charsize=\dimen133
Package hyperref Info: Hyper figures OFF on input line 6369.
Package hyperref Info: Link nesting OFF on input line 6374.
Package hyperref Info: Hyper index ON on input line 6377.
Package hyperref Info: backreferencing OFF on input line 6384.
Package hyperref Info: Link coloring OFF on input line 6389.
Package hyperref Info: Link coloring with OCG OFF on input line 6394.
Package hyperref Info: PDF/A mode OFF on input line 6399.
LaTeX Info: Redefining \ref on input line 6439.
LaTeX Info: Redefining \pageref on input line 6443.
\Hy@abspage=\count146
\c@Item=\count147
\c@Hfootnote=\count148
)
Package hyperref Info: Driver (autodetected): hpdftex.

(/usr/share/texlive/texmf-dist/tex/latex/hyperref/hpdftex.def
File: hpdftex.def 2018/02/06 v6.86b Hyperref driver for pdfTeX
\Fld@listcount=\count149
\c@bookmark@seq@number=\count150

(/usr/share/texlive/texmf-dist/tex/latex/oberdiek/rerunfilecheck.sty
Package: rerunfilecheck 2016/05/16 v1.8 Rerun checks for auxiliary files (HO)
Package uniquecounter Info: New unique counter `rerunfilecheck' on input line 2
82.
)
\Hy@SectionHShift=\skip59
)
(/usr/share/texlive/texmf-dist/tex/latex/oberdiek/pdflscape.sty
Package: pdflscape 2016/05/14 v0.11 Display of landscape pages in PDF (HO)

(/usr/share/texlive/texmf-dist/tex/latex/graphics/lscape.sty
Package: lscape 2000/10/22 v3.01 Landscape Pages (DPC)
)
Package pdflscape Info: Auto-detected driver: pdftex on input line 81.
)
(/usr/share/texlive/texmf-dist/tex/latex/amsmath/amsmath.sty
Package: amsmath 2017/09/02 v2.17a AMS math features
\@mathmargin=\skip60

For additional information on amsmath, use the `?' option.
(/usr/share/texlive/texmf-dist/tex/latex/amsmath/amstext.sty
Package: amstext 2000/06/29 v2.01 AMS text

(/usr/share/texlive/texmf-dist/tex/latex/amsmath/amsgen.sty
File: amsgen.sty 1999/11/30 v2.0 generic functions
\@emptytoks=\toks25
\ex@=\dimen134
))
(/usr/share/texlive/texmf-dist/tex/latex/amsmath/amsbsy.sty
Package: amsbsy 1999/11/29 v1.2d Bold Symbols
\pmbraise@=\dimen135
)
(/usr/share/texlive/texmf-dist/tex/latex/amsmath/amsopn.sty
Package: amsopn 2016/03/08 v2.02 operator names
)
\inf@bad=\count151
LaTeX Info: Redefining \frac on input line 213.
\uproot@=\count152
\leftroot@=\count153
LaTeX Info: Redefining \overline on input line 375.
\classnum@=\count154
\DOTSCASE@=\count155
LaTeX Info: Redefining \ldots on input line 472.
LaTeX Info: Redefining \dots on input line 475.
LaTeX Info: Redefining \cdots on input line 596.
\Mathstrutbox@=\box44
\strutbox@=\box45
\big@size=\dimen136
LaTeX Font Info:    Redeclaring font encoding OML on input line 712.
LaTeX Font Info:    Redeclaring font encoding OMS on input line 713.
\macc@depth=\count156
\c@MaxMatrixCols=\count157
\dotsspace@=\muskip11
\c@parentequation=\count158
\dspbrk@lvl=\count159
\tag@help=\toks26
\row@=\count160
\column@=\count161
\maxfields@=\count162
\andhelp@=\toks27
\eqnshift@=\dimen137
\alignsep@=\dimen138
\tagshift@=\dimen139
\tagwidth@=\dimen140
\totwidth@=\dimen141
\lineht@=\dimen142
\@envbody=\toks28
\multlinegap=\skip61
\multlinetaggap=\skip62
\mathdisplay@stack=\toks29
LaTeX Info: Redefining \[ on input line 2817.
LaTeX Info: Redefining \] on input line 2818.
)
(/usr/share/texlive/texmf-dist/tex/latex/listings/listings.sty
\lst@mode=\count163
\lst@gtempboxa=\box46
\lst@token=\toks30
\lst@length=\count164
\lst@currlwidth=\dimen143
\lst@column=\count165
\lst@pos=\count166
\lst@lostspace=\dimen144
\lst@width=\dimen145
\lst@newlines=\count167
\lst@lineno=\count168
\lst@maxwidth=\dimen146

(/usr/share/texlive/texmf-dist/tex/latex/listings/lstmisc.sty
File: lstmisc.sty 2015/06/04 1.6 (Carsten Heinz)
\c@lstnumber=\count169
\lst@skipnumbers=\count170
\lst@framebox=\box47
)
(/usr/share/texlive/texmf-dist/tex/latex/listings/listings.cfg
File: listings.cfg 2015/06/04 1.6 listings configuration
))
Package: listings 2015/06/04 1.6 (Carsten Heinz)

(/usr/share/texlive/texmf-dist/tex/latex/graphics/rotating.sty
Package: rotating 2016/08/11 v2.16d rotated objects in LaTeX

(/usr/share/texlive/texmf-dist/tex/latex/base/ifthen.sty
Package: ifthen 2014/09/29 v1.1c Standard LaTeX ifthen package (DPC)
)
\c@r@tfl@t=\count171
\rotFPtop=\skip63
\rotFPbot=\skip64
\rot@float@box=\box48
\rot@mess@toks=\toks31
)
(/usr/share/texlive/texmf-dist/tex/latex/lipsum/lipsum.sty
Package: lipsum 2014/07/27 v1.3 150 paragraphs of Lorem Ipsum dummy text
\c@lips@count=\count172
) (./my-Equations.sty
Package: my-Equations 2020
(/usr/share/texlive/texmf-dist/tex/latex/jknapltx/mathrsfs.sty
Package: mathrsfs 1996/01/01 Math RSFS package v1.0 (jk)
\symrsfs=\mathgroup4
))
\csm@temp@endhead=\box49

(/usr/share/texlive/texmf-dist/tex/latex/subfig/subfig.sty
Package: subfig 2005/06/28 ver: 1.3 subfig package
\c@KVtest=\count173
\sf@farskip=\skip65
\sf@captopadj=\dimen147
\sf@capskip=\skip66
\sf@nearskip=\skip67
\c@subfigure=\count174
\c@subfigure@save=\count175
\c@lofdepth=\count176
\c@subtable=\count177
\c@subtable@save=\count178
\c@lotdepth=\count179
\sf@top=\skip68
\sf@bottom=\skip69
)
No file mines-example-dissertation.aux.
\openout1 = `mines-example-dissertation.aux'.

LaTeX Font Info:    Checking defaults for OML/cmm/m/it on input line 57.
LaTeX Font Info:    ... okay on input line 57.
LaTeX Font Info:    Checking defaults for T1/cmr/m/n on input line 57.
LaTeX Font Info:    ... okay on input line 57.
LaTeX Font Info:    Checking defaults for OT1/cmr/m/n on input line 57.
LaTeX Font Info:    ... okay on input line 57.
LaTeX Font Info:    Checking defaults for OMS/cmsy/m/n on input line 57.
LaTeX Font Info:    ... okay on input line 57.
LaTeX Font Info:    Checking defaults for OMX/cmex/m/n on input line 57.
LaTeX Font Info:    ... okay on input line 57.
LaTeX Font Info:    Checking defaults for U/cmr/m/n on input line 57.
LaTeX Font Info:    ... okay on input line 57.
LaTeX Font Info:    Checking defaults for PD1/pdf/m/n on input line 57.
LaTeX Font Info:    ... okay on input line 57.
No file mines-example-dissertation.lot.
No file mines-example-dissertation.lof.

LaTeX Warning: There are no tables or figures..

*geometry* driver: auto-detecting
*geometry* detected driver: pdftex
*geometry* verbose mode - [ preamble ] result:
* driver: pdftex
* paper: letterpaper
* layout: <same size as paper>
* layoutoffset:(h,v)=(0.0pt,0.0pt)
* modes: 
* h-part:(L,W,R)=(72.26999pt, 469.75502pt, 72.26999pt)
* v-part:(T,H,B)=(72.26999pt, 650.43001pt, 72.26999pt)
* \paperwidth=614.295pt
* \paperheight=794.96999pt
* \textwidth=469.75502pt
* \textheight=650.43001pt
* \oddsidemargin=0.0pt
* \evensidemargin=0.0pt
* \topmargin=0.0pt
* \headheight=0.0pt
* \headsep=0.0pt
* \topskip=10.0pt
* \footskip=36.135pt
* \marginparwidth=65.0pt
* \marginparsep=11.0pt
* \columnsep=10.0pt
* \skip\footins=9.0pt plus 4.0pt minus 2.0pt
* \hoffset=0.0pt
* \voffset=0.0pt
* \mag=1000
* \@twocolumnfalse
* \@twosidefalse
* \@mparswitchfalse
* \@reversemarginfalse
* (1in=72.27pt=25.4mm, 1cm=28.453pt)

(/usr/share/texlive/texmf-dist/tex/context/base/mkii/supp-pdf.mkii
[Loading MPS to PDF converter (version 2006.09.02).]
\scratchcounter=\count180
\scratchdimen=\dimen148
\scratchbox=\box50
\nofMPsegments=\count181
\nofMParguments=\count182
\everyMPshowfont=\toks32
\MPscratchCnt=\count183
\MPscratchDim=\dimen149
\MPnumerator=\count184
\makeMPintoPDFobject=\count185
\everyMPtoPDFconversion=\toks33
) (/usr/share/texlive/texmf-dist/tex/latex/oberdiek/epstopdf-base.sty
Package: epstopdf-base 2016/05/15 v2.6 Base part for package epstopdf

(/usr/share/texlive/texmf-dist/tex/latex/oberdiek/grfext.sty
Package: grfext 2016/05/16 v1.2 Manage graphics extensions (HO)
)
Package epstopdf-base Info: Redefining graphics rule for `.eps' on input line 4
38.
Package grfext Info: Graphics extension search list:
(grfext)             [.pdf,.png,.jpg,.mps,.jpeg,.jbig2,.jb2,.PDF,.PNG,.JPG,.JPE
G,.JBIG2,.JB2,.eps]
(grfext)             \AppendGraphicsExtensions on input line 456.

(/usr/share/texlive/texmf-dist/tex/latex/latexconfig/epstopdf-sys.cfg
File: epstopdf-sys.cfg 2010/07/13 v1.3 Configuration of (r)epstopdf for TeX Liv
e
))
Package caption Info: Begin \AtBeginDocument code.
Package caption Info: subfig package v1.3 is loaded.
Package caption Info: hyperref package is loaded.
Package caption Info: listings package is loaded.
Package caption Info: longtable package is loaded.

(/usr/share/texlive/texmf-dist/tex/latex/caption/ltcaption.sty
Package: ltcaption 2013/06/09 v1.4-94 longtable captions (AR)
)
Package caption Info: rotating package is loaded.
Package caption Info: End \AtBeginDocument code.
\AtBeginShipoutBox=\box51
Package hyperref Info: Link coloring OFF on input line 57.

(/usr/share/texlive/texmf-dist/tex/latex/hyperref/nameref.sty
Package: nameref 2016/05/21 v2.44 Cross-referencing by name of section

(/usr/share/texlive/texmf-dist/tex/generic/oberdiek/gettitlestring.sty
Package: gettitlestring 2016/05/16 v1.5 Cleanup title references (HO)
)
\c@section@level=\count186
)
LaTeX Info: Redefining \ref on input line 57.
LaTeX Info: Redefining \pageref on input line 57.
LaTeX Info: Redefining \nameref on input line 57.
\@outlinefile=\write3
\openout3 = `mines-example-dissertation.out'.

\c@lstlisting=\count187
LaTeX Font Info:    Try loading font information for U+rsfs on input line 67.

(/usr/share/texlive/texmf-dist/tex/latex/jknapltx/ursfs.fd
File: ursfs.fd 1998/03/24 rsfs font definition file (jk)
) [1

{/var/lib/texmf/fonts/map/pdftex/updmap/pdftex.map}]
LaTeX Font Info:    Try loading font information for OMS+cmr on input line 68.

(/usr/share/texlive/texmf-dist/tex/latex/base/omscmr.fd
File: omscmr.fd 2014/09/29 v2.5h Standard LaTeX font definitions
)
LaTeX Font Info:    Font shape `OMS/cmr/bx/n' in size <10> not available
(Font)              Font shape `OMS/cmsy/b/n' tried instead on input line 68.
 [2] [2]
(./chapter/i-abstract.tex) [3]
\tf@toc=\write4
\openout4 = `mines-example-dissertation.toc'.

 [4]
\tf@lof=\write5
\openout5 = `mines-example-dissertation.lof'.

 [5]
\tf@lot=\write6
\openout6 = `mines-example-dissertation.lot'.

 [6]
\tf@los=\write7
\openout7 = `mines-example-dissertation.los'.

\tf@GeneralNomenclature=\write8
\openout8 = `mines-example-dissertation.GeneralNomenclature'.

 [7]
\tf@loabbrv=\write9
\openout9 = `mines-example-dissertation.loabbrv'.

 [8]
(./supporting-files/symbols-and-abbreviations.tex) [9] [10]
(./chapter/00-Introduction.tex) (./chapter/01-chapter-structure.tex [1

]

LaTeX Warning: Reference `eqn:energy' on page 2 undefined on input line 7.


LaTeX Warning: Reference `eqn:Maxell1' on page 2 undefined on input line 7.


LaTeX Warning: Reference `eqn:Evalue' on page 2 undefined on input line 7.

LaTeX Font Info:    Font shape `OMS/cmr/m/n' in size <10> not available
(Font)              Font shape `OMS/cmsy/m/n' tried instead on input line 7.
[2

]

LaTeX Warning: Reference `chapTwo' on page 3 undefined on input line 37.

) (./chapter/02-another-chapter.tex [3]

LaTeX Warning: Reference `fig:xkcd1' on page 4 undefined on input line 11.

<./figures/image-01-million_billion_trillion.png, id=88, 461.725pt x 303.1325pt
>
File: ./figures/image-01-million_billion_trillion.png Graphic file (type png)
<use ./figures/image-01-million_billion_trillion.png>
Package pdftex.def Info: ./figures/image-01-million_billion_trillion.png  used 
on input line 15.
(pdftex.def)             Requested size: 328.82707pt x 215.88239pt.

Package natbib Warning: Citation `cite-munroe_2018' on page 4 undefined on inpu
t line 17.


Package natbib Warning: Citation `cite-munroe_2018' on page 4 undefined on inpu
t line 17.


LaTeX Warning: Reference `fig:phd-Comics1' on page 4 undefined on input line 23
.


Package natbib Warning: Citation `cite-cham_2009' on page 4 undefined on input 
line 23.


Package natbib Warning: Citation `cite-A' on page 4 undefined on input line 24.



Package natbib Warning: Citation `cite-B' on page 4 undefined on input line 24.



Package natbib Warning: Citation `cite-C' on page 4 undefined on input line 24.



Package natbib Warning: Citation `cite-munroe_2018' on page 4 undefined on inpu
t line 24.


LaTeX Warning: Reference `sec:longtable' on page 4 undefined on input line 26.


LaTeX Warning: Reference `sec:firstSection' on page 4 undefined on input line 2
7.


LaTeX Warning: Reference `chap:intro' on page 4 undefined on input line 27.

<./figures/image-02-phd092809s.png, id=90, 602.25pt x 411.5375pt>
File: ./figures/image-02-phd092809s.png Graphic file (type png)
<use ./figures/image-02-phd092809s.png>
Package pdftex.def Info: ./figures/image-02-phd092809s.png  used on input line 
32.
(pdftex.def)             Requested size: 602.24852pt x 411.5365pt.
[4

 <./figures/image-01-million_billion_trillion.png>])
(./chapter/03-Journal-Chapter.tex [5 <./figures/image-02-phd092809s.png>]
[6]

LaTeX Warning: Reference `note1' on page 7 undefined on input line 8.


LaTeX Warning: Reference `sec-Apx-C' on page 7 undefined on input line 20.

[7

]) (./chapter/04-Journal-Chapter.tex [8]) (./chapter/05-Figure-Examples.tex
[9

]

LaTeX Warning: Reference `fig:Strongbad' on page 10 undefined on input line 7.


LaTeX Warning: Reference `fig:Strongbad' on page 10 undefined on input line 7.

<figures/image-05photo_library_management.png, id=148, 578.16pt x 455.7025pt>
File: figures/image-05photo_library_management.png Graphic file (type png)
<use figures/image-05photo_library_management.png>
Package pdftex.def Info: figures/image-05photo_library_management.png  used on 
input line 9.
(pdftex.def)             Requested size: 578.15858pt x 455.70137pt.

Package natbib Warning: Citation `cite-xkcd_2017-anotherOne' on page 10 undefin
ed on input line 9.


Package natbib Warning: Citation `cite-xkcd_2017-anotherOne' on page 10 undefin
ed on input line 9.


LaTeX Warning: Reference `fig:CutvsFloatBarrier' on page 10 undefined on input 
line 13.

<figures/image-03.png, id=149, 570.13pt x 546.04pt>
File: figures/image-03.png Graphic file (type png)
<use figures/image-03.png>
Package pdftex.def Info: figures/image-03.png  used on input line 17.
(pdftex.def)             Requested size: 234.8775pt x 224.95265pt.
[10

 <./figures/image-05photo_library_management.png>]

LaTeX Warning: Reference `fig:fsm' on page 11 undefined on input line 26.


LaTeX Warning: Reference `fig:fsm-2' on page 11 undefined on input line 26.


LaTeX Warning: Reference `fig:fsm-pirates' on page 11 undefined on input line 2
6.


LaTeX Warning: Reference `fig:fsm-pirates2' on page 11 undefined on input line 
26.

<figures/IMG_2375.JPG, id=158, 4769.82pt x 3179.88pt>
File: figures/IMG_2375.JPG Graphic file (type jpg)
<use figures/IMG_2375.JPG>
Package pdftex.def Info: figures/IMG_2375.JPG  used on input line 32.
(pdftex.def)             Requested size: 289.07999pt x 192.67688pt.
<./figures//try-me/ESD_1600-768x405.png, id=159, 770.88pt x 406.51875pt>
File: ./figures//try-me/ESD_1600-768x405.png Graphic file (type png)
<use ./figures//try-me/ESD_1600-768x405.png>
Package pdftex.def Info: ./figures//try-me/ESD_1600-768x405.png  used on input 
line 36.
(pdftex.def)             Requested size: 770.87813pt x 406.51775pt.

Package natbib Warning: Citation `cite-schrama_2019-blue' on page 11 undefined 
on input line 37.


Package natbib Warning: Citation `cite-schrama_2019' on page 11 undefined on in
put line 37.


Package natbib Warning: Citation `cite-schrama_2019-blue' on page 11 undefined 
on input line 37.


Package natbib Warning: Citation `cite-schrama_2019' on page 11 undefined on in
put line 37.

File: figures/IMG_2375.JPG Graphic file (type jpg)
<use figures/IMG_2375.JPG>
Package pdftex.def Info: figures/IMG_2375.JPG  used on input line 49.
(pdftex.def)             Requested size: 180.67499pt x 120.42912pt.
File: ./figures//try-me/ESD_1600-768x405.png Graphic file (type png)
<use ./figures//try-me/ESD_1600-768x405.png>
Package pdftex.def Info: ./figures//try-me/ESD_1600-768x405.png  used on input 
line 53.
(pdftex.def)             Requested size: 770.87813pt x 406.51775pt.

Package natbib Warning: Citation `cite-schrama_2019-blue' on page 11 undefined 
on input line 55.


Package natbib Warning: Citation `cite-schrama_2019' on page 11 undefined on in
put line 55.


Package natbib Warning: Citation `cite-schrama_2019-blue' on page 11 undefined 
on input line 55.


Package natbib Warning: Citation `cite-schrama_2019' on page 11 undefined on in
put line 55.

[11 <./figures/image-03.png>] [12 <./figures/IMG_2375.JPG> <./figures//try-me/E
SD_1600-768x405.png>]

LaTeX Warning: Reference `fig:hallo' on page 13 undefined on input line 62.


LaTeX Warning: Reference `sec-Important' on page 13 undefined on input line 62.


[13]
<./figures/image-04.png, id=183, 593.21625pt x 318.18875pt>
File: ./figures/image-04.png Graphic file (type png)
<use ./figures/image-04.png>
Package pdftex.def Info: ./figures/image-04.png  used on input line 68.
(pdftex.def)             Requested size: 650.43001pt x 348.892pt.

Overfull \hbox (36.135pt too wide) has occurred while \output is active
 [] 
 []

[14 <./figures/image-04.png>]

LaTeX Warning: Reference `fig:hallo2' on page 15 undefined on input line 75.

<./figures/image-03.png, id=190, 570.13pt x 546.04pt>
File: ./figures/image-03.png Graphic file (type png)
<use ./figures/image-03.png>
Package pdftex.def Info: ./figures/image-03.png  used on input line 81.
(pdftex.def)             Requested size: 469.75502pt x 449.90532pt.

Package natbib Warning: Citation `cite-xkcd_2016' on page 15 undefined on input
 line 82.


Package natbib Warning: Citation `cite-xkcd_2016' on page 15 undefined on input
 line 82.

[15


] [16 <./figures/image-03.png>]

LaTeX Warning: Reference `fig:WayToBig' on page 17 undefined on input line 92.

[17] [18]
<figures/20120-04-16-YoutubeLiquidInstuments.pdf, id=210, 751.30504pt x 1252.35
384pt>
File: figures/20120-04-16-YoutubeLiquidInstuments.pdf Graphic file (type pdf)
<use figures/20120-04-16-YoutubeLiquidInstuments.pdf>
Package pdftex.def Info: figures/20120-04-16-YoutubeLiquidInstuments.pdf  used 
on input line 106.
(pdftex.def)             Requested size: 351.18747pt x 585.38303pt.
 [19


 <./figures/20120-04-16-YoutubeLiquidInstuments.pdf>])
(./chapter/06-Table-Examples.tex

LaTeX Warning: Reference `tab:magic' on page 20 undefined on input line 5.


LaTeX Warning: Reference `tab:my_labelTable' on page 20 undefined on input line
 26.

Missing character: There is no Ã in font cmr10!
Missing character: There is no ´ in font cmr10!
Missing character: There is no â in font cmr10!
Missing character: There is no € in font cmr10!
Missing character: There is no ™ in font cmr10!
[20


] [21]

LaTeX Warning: Reference `tab:longtable1' on page 22 undefined on input line 70
.

[22]

Package longtable Warning: Column widths have changed
(longtable)                in table \relax Table\nobreakspace {\relax 7}.3 on i
nput line 89.


Overfull \hbox (36.135pt too wide) has occurred while \output is active
 [] 
 []

[23

]
Overfull \hbox (36.135pt too wide) has occurred while \output is active
 [] 
 []

[24]

LaTeX Warning: Reference `tab:longCountry' on page 25 undefined on input line 9
6.


LaTeX Warning: Reference `tab:longCountry2' on page 25 undefined on input line 
96.


Package natbib Warning: Citation `cite-techslides_2013' on page 25 undefined on
 input line 105.


Package natbib Warning: Citation `cite-techslides_2013' on page 25 undefined on
 input line 105.

Missing character: There is no â in font cmr10!
Missing character: There is no € in font cmr10!
Missing character: There is no ™ in font cmr10!
Missing character: There is no â in font cmr10!
Missing character: There is no € in font cmr10!
Missing character: There is no ™ in font cmr10!
Missing character: There is no â in font cmr10!
Missing character: There is no € in font cmr10!
Missing character: There is no ™ in font cmr10!
Missing character: There is no Ã in font cmr10!
Missing character: There is no ƒ in font cmr10!
Missing character: There is no Â in font cmr10!
Missing character: There is no § in font cmr10!
[25

]
Missing character: There is no â in font cmr10!
Missing character: There is no € in font cmr10!
Missing character: There is no ™ in font cmr10!
 [26] [27]

Package longtable Warning: Column widths have changed
(longtable)                in table \relax Table\nobreakspace {\relax 7}.4 on i
nput line 252.


Package natbib Warning: Citation `cite-techslides_2013' on page 28 undefined on
 input line 264.


Package natbib Warning: Citation `cite-techslides_2013' on page 28 undefined on
 input line 264.

[28]
Missing character: There is no â in font cmr10!
Missing character: There is no € in font cmr10!
Missing character: There is no ™ in font cmr10!
 [29]
Missing character: There is no Ã in font cmr10!
Missing character: There is no ƒ in font cmr10!
Missing character: There is no Â in font cmr10!
Missing character: There is no º in font cmr10!


Package longtable Warning: Column widths have changed
(longtable)                in table \relax Table\nobreakspace {\relax 7}.5 on i
nput line 368.

) (./chapter/07-Equations.tex [30]

Package natbib Warning: Citation `cite-Schrama2018' on page 31 undefined on inp
ut line 18.


Package natbib Warning: Citation `cite-bethune1981' on page 31 undefined on inp
ut line 33.


Overfull \hbox (84.57625pt too wide) detected at line 40
\OT1/cmr/bx/n/10 P[]\OT1/cmr/m/n/10 (\OML/cmm/m/it/10 ![] \OT1/cmr/m/n/10 + \OM
L/cmm/m/it/10 ![]\OT1/cmr/m/n/10 ) = \OML/cmm/m/it/10 ^^_[]\OT1/cmr/m/n/10 (\OM
L/cmm/m/it/10 ![]; ![]\OT1/cmr/m/n/10 ) [] + \OML/cmm/m/it/10 ^^_[]\OT1/cmr/m/n
/10 (\OML/cmm/m/it/10 ![]; ![]\OT1/cmr/m/n/10 ) []
 []

[31

]) [32]
No file mines-example-dissertation.bbl.
(./chapter/A-Appendix.tex [33


]

LaTeX Warning: Reference `tab:encoding' on page 34 undefined on input line 2.


LaTeX Warning: Reference `tab:longtable' on page 34 undefined on input line 22.


[34

]

Package longtable Warning: Column widths have changed
(longtable)                in table \relax Table\nobreakspace {A}.2 on input li
ne 78.


Overfull \hbox (36.135pt too wide) has occurred while \output is active
 [] 
 []

[35

]
Overfull \hbox (36.135pt too wide) has occurred while \output is active
 [] 
 []

[36]

Package longtable Warning: Column widths have changed
(longtable)                in table \relax Table\nobreakspace {A}.3 on input li
ne 90.


Overfull \hbox (36.135pt too wide) has occurred while \output is active
 [] 
 []

[37


]) (./chapter/B-Appendix.tex [38

]

LaTeX Warning: Reference `lst:hello-world' on page 39 undefined on input line 3
.

(/usr/share/texlive/texmf-dist/tex/latex/listings/lstlang1.sty
File: lstlang1.sty 2015/06/04 1.6 listings language file
)
Package hyperref Info: bookmark level for unknown lstlisting defaults to 0 on i
nput line 5.

(./supporting-files/matlab_code.m)) (./chapter/C-Appendix.tex [39

]

LaTeX Warning: Reference `fig:CR-XKCD' on page 40 undefined on input line 11.

<figures/Copy-Right-Permissions/XKCD-permission.PNG, id=406, 560.0925pt x 148.7
5575pt>
File: figures/Copy-Right-Permissions/XKCD-permission.PNG Graphic file (type png
)
<use figures/Copy-Right-Permissions/XKCD-permission.PNG>
Package pdftex.def Info: figures/Copy-Right-Permissions/XKCD-permission.PNG  us
ed on input line 14.
(pdftex.def)             Requested size: 469.75502pt x 124.76784pt.

LaTeX Warning: Reference `sec-JA-Title1' on page 40 undefined on input line 32.


)

LaTeX Warning: Number of appendicies is not known. Rerun to get appendicies rig
ht..

[40

 <./figures/Copy-Right-Permissions/XKCD-permission.PNG>]

Package natbib Warning: There were undefined citations.


Package longtable Warning: Table widths have changed. Rerun LaTeX.

Package atveryend Info: Empty hook `BeforeClearDocument' on input line 156.
Package atveryend Info: Empty hook `AfterLastShipout' on input line 156.
(./mines-example-dissertation.aux
\csm@redefined@appendix@saved=\count188
\csm@appendicies=\count189
)
Package atveryend Info: Executing hook `AtVeryEndDocument' on input line 156.
Package atveryend Info: Executing hook `AtEndAfterFileList' on input line 156.


Package rerunfilecheck Warning: File `mines-example-dissertation.out' has chang
ed.
(rerunfilecheck)                Rerun to get outlines right
(rerunfilecheck)                or use package `bookmark'.

Package rerunfilecheck Info: Checksums for `mines-example-dissertation.out':
(rerunfilecheck)             Before: <no file>
(rerunfilecheck)             After:  3B68424B1A799B6BC22ACC1D56661DB8;3689.

LaTeX Warning: There were undefined references.


LaTeX Warning: Label(s) may have changed. Rerun to get cross-references right.

Package atveryend Info: Empty hook `AtVeryVeryEnd' on input line 156.
 ) 
Here is how much of TeX's memory you used:
 11409 strings out of 494847
 172662 string characters out of 6179080
 416170 words of memory out of 5000000
 14365 multiletter control sequences out of 15000+600000
 10819 words of font info for 41 fonts, out of 8000000 for 9000
 59 hyphenation exceptions out of 8191
 51i,15n,170p,2002b,1558s stack positions out of 5000i,500n,10000p,200000b,80000s
</usr/share/texlive/texmf-dist/fonts/type1/public/amsfonts/cm/cmbsy10.pfb></u
sr/share/texlive/texmf-dist/fonts/type1/public/amsfonts/cm/cmbx10.pfb></usr/sha
re/texlive/texmf-dist/fonts/type1/public/amsfonts/cm/cmbx7.pfb></usr/share/texl
ive/texmf-dist/fonts/type1/public/amsfonts/cm/cmbx9.pfb></usr/share/texlive/tex
mf-dist/fonts/type1/public/amsfonts/cm/cmbxti10.pfb></usr/share/texlive/texmf-d
ist/fonts/type1/public/amsfonts/cm/cmex10.pfb></usr/share/texlive/texmf-dist/fo
nts/type1/public/amsfonts/cm/cmmi10.pfb></usr/share/texlive/texmf-dist/fonts/ty
pe1/public/amsfonts/cm/cmmi7.pfb></usr/share/texlive/texmf-dist/fonts/type1/pub
lic/amsfonts/cm/cmr10.pfb></usr/share/texlive/texmf-dist/fonts/type1/public/ams
fonts/cm/cmr6.pfb></usr/share/texlive/texmf-dist/fonts/type1/public/amsfonts/cm
/cmr7.pfb></usr/share/texlive/texmf-dist/fonts/type1/public/amsfonts/cm/cmr8.pf
b></usr/share/texlive/texmf-dist/fonts/type1/public/amsfonts/cm/cmr9.pfb></usr/
share/texlive/texmf-dist/fonts/type1/public/amsfonts/cm/cmsy10.pfb></usr/share/
texlive/texmf-dist/fonts/type1/public/amsfonts/cm/cmti10.pfb></usr/share/texliv
e/texmf-dist/fonts/type1/public/amsfonts/cm/cmti9.pfb></usr/share/texlive/texmf
-dist/fonts/type1/public/amsfonts/cm/cmtt10.pfb>
Output written on mines-example-dissertation.pdf (51 pages, 2123007 bytes).
PDF statistics:
 508 PDF objects out of 1000 (max. 8388607)
 402 compressed objects within 5 object streams
 148 named destinations out of 1000 (max. 500000)
 51 words of extra memory for PDF output out of 10000 (max. 10000000)

