This is pdfTeX, Version 3.14159265-2.6-1.40.18 (TeX Live 2017/Debian) (preloaded format=pdflatex 2023.6.10)  14 APR 2024 16:34
entering extended mode
 restricted \write18 enabled.
 %&-line parsing enabled.
**austin-frank-oltmanns-dissertation.tex
(./austin-frank-oltmanns-dissertation.tex
LaTeX2e <2017-04-15>
Babel <3.18> and hyphenation patterns for 7 language(s) loaded.
(/usr/share/texlive/texmf-dist/tex/latex/base/article.cls
Document Class: article 2014/09/29 v1.4h Standard LaTeX document class
(/usr/share/texlive/texmf-dist/tex/latex/base/size10.clo
File: size10.clo 2014/09/29 v1.4h Standard LaTeX file (size option)
)
\c@part=\count79
\c@section=\count80
\c@subsection=\count81
\c@subsubsection=\count82
\c@paragraph=\count83
\c@subparagraph=\count84
\c@figure=\count85
\c@table=\count86
\abovecaptionskip=\skip41
\belowcaptionskip=\skip42
\bibindent=\dimen102
) (./csm-thesis.sty
Package: csm-thesis 2020/01/10 v1.0 csm-thesis file

(/usr/share/texlive/texmf-dist/tex/latex/setspace/setspace.sty
Package: setspace 2011/12/19 v6.7a set line spacing
)
(./csm-style-files/csm-thesis-sanity.sty)
(./csm-style-files/csm-thesis-environments.sty
\c@csm@abstract@words=\count87
\c@csm@longtable@pages=\count88
\c@csm@longtable@startpage=\count89
\c@csm@last@longtable@count=\count90
\temp@output@box=\box26
\csm@temp@header=\box27
\c@csm@sideways@depth=\count91
)
(./csm-style-files/csm-thesis-title.sty
(/usr/share/texlive/texmf-dist/tex/latex/textcase/textcase.sty
Package: textcase 2004/10/07 v0.07 Text only upper/lower case changing (DPC)
)
\temp@box=\box28
\temp@trapezoid@box=\box29
\best@trapezoid@box=\box30
\last@trapezoid@box=\box31
\c@trap@push@temp=\count92
\temp@trapezoid@text=\toks14
\@tempwidth=\dimen103
\trapezoid@width@value=\dimen104
\trapezoid@new@width=\dimen105
\temp@line@width=\dimen106
\temp@line@height=\dimen107
\test@line@width=\dimen108
\c@trap@push@lineone=\count93
\c@titlewidth@lines=\count94
\c@titlewidth@cnt=\count95
\@titlewidth@max=\skip43
\@titlewidth@diff=\skip44
\@titlewidth@flex=\skip45
\@titlewidth=\skip46
\temp@pdftitle@text=\toks15
)
(./csm-style-files/csm-thesis-lists.sty
\c@csm@list@i=\count96
\c@csm@list@j=\count97
\c@csm@list@k=\count98
\c@csm@list@length=\count99
\c@csm@list@strlen=\count100
\c@csm@list@strlenA=\count101
\c@csm@list@strlenB=\count102
\c@csm@list@findchar=\count103
\c@csm@list@findchar@i=\count104
\c@csm@list@char@A=\count105
\c@csm@list@char@B=\count106
\c@csm@list@char@temp=\count107
\c@csm@list@tempA=\count108
\c@csm@list@tempB=\count109
\temp@stripspace@text=\toks16
\c@csm@tocentry@count=\count110
\c@csm@num@tables=\count111
\c@csm@num@figures=\count112
\csm@temp@list@boxA=\box32
\csm@temp@list@boxB=\box33
\l@chapter@indent=\skip47
\l@appendix@indent=\skip48
\csm@contentsline@findkeylength@boxA=\box34
\csm@contentsline@findkeylength@boxB=\box35
\csm@contentsline@findkeylength@length=\skip49
)
(./csm-style-files/csm-thesis-sections.sty
\c@csmsectionline=\count113
\csm@temp@box=\box36
\c@chapter=\count114
\c@appendix=\count115
\c@csm@redefined@appendix=\count116
\csm@redefined@appendix@saved=\count117
)
\c@csmpage=\count118
\c@truepage=\count119
\c@emptypage=\count120

(/usr/share/texlive/texmf-dist/tex/latex/geometry/geometry.sty
Package: geometry 2010/09/12 v5.6 Page Geometry

(/usr/share/texlive/texmf-dist/tex/latex/graphics/keyval.sty
Package: keyval 2014/10/28 v1.15 key=value parser (DPC)
\KV@toks@=\toks17
)
(/usr/share/texlive/texmf-dist/tex/generic/oberdiek/ifpdf.sty
Package: ifpdf 2017/03/15 v3.2 Provides the ifpdf switch
)
(/usr/share/texlive/texmf-dist/tex/generic/oberdiek/ifvtex.sty
Package: ifvtex 2016/05/16 v1.6 Detect VTeX and its facilities (HO)
Package ifvtex Info: VTeX not detected.
)
(/usr/share/texlive/texmf-dist/tex/generic/ifxetex/ifxetex.sty
Package: ifxetex 2010/09/12 v0.6 Provides ifxetex conditional
)
\Gm@cnth=\count121
\Gm@cntv=\count122
\c@Gm@tempcnt=\count123
\Gm@bindingoffset=\dimen109
\Gm@wd@mp=\dimen110
\Gm@odd@mp=\dimen111
\Gm@even@mp=\dimen112
\Gm@layoutwidth=\dimen113
\Gm@layoutheight=\dimen114
\Gm@layouthoffset=\dimen115
\Gm@layoutvoffset=\dimen116
\Gm@dimlist=\toks18
)
(/usr/share/texlive/texmf-dist/tex/latex/placeins/placeins.sty
Package: placeins 2005/04/18  v 2.2
)
\csm@titletext=\box37
\csm@saved@contents=\toks19
\c@csm@figure@heredefinitely=\count124

(/usr/share/texlive/texmf-dist/tex/latex/float/float.sty
Package: float 2001/11/08 v1.3d Float enhancements (AL)
\c@float@type=\count125
\float@exts=\toks20
\float@box=\box38
\@float@everytoks=\toks21
\@floatcapt=\box39
)
(/usr/share/texlive/texmf-dist/tex/latex/graphics/graphicx.sty
Package: graphicx 2017/06/01 v1.1a Enhanced LaTeX Graphics (DPC,SPQR)

(/usr/share/texlive/texmf-dist/tex/latex/graphics/graphics.sty
Package: graphics 2017/06/25 v1.2c Standard LaTeX Graphics (DPC,SPQR)

(/usr/share/texlive/texmf-dist/tex/latex/graphics/trig.sty
Package: trig 2016/01/03 v1.10 sin cos tan (DPC)
)
(/usr/share/texlive/texmf-dist/tex/latex/graphics-cfg/graphics.cfg
File: graphics.cfg 2016/06/04 v1.11 sample graphics configuration
)
Package graphics Info: Driver file: pdftex.def on input line 99.

(/usr/share/texlive/texmf-dist/tex/latex/graphics-def/pdftex.def
File: pdftex.def 2018/01/08 v1.0l Graphics/color driver for pdftex
))
\Gin@req@height=\dimen117
\Gin@req@width=\dimen118
)
\csm@table@indent=\skip50
\c@csm@label@j=\count126
\c@csm@label@k=\count127
\c@csm@label@count=\count128

(/usr/share/texlive/texmf-dist/tex/latex/footmisc/footmisc.sty
Package: footmisc 2011/06/06 v5.5b a miscellany of footnote facilities
\FN@temptoken=\toks22
\footnotemargin=\dimen119
\c@pp@next@reset=\count129
Package footmisc Info: Declaring symbol style bringhurst on input line 855.
Package footmisc Info: Declaring symbol style chicago on input line 863.
Package footmisc Info: Declaring symbol style wiley on input line 872.
Package footmisc Info: Declaring symbol style lamport-robust on input line 883.

Package footmisc Info: Declaring symbol style lamport* on input line 903.
Package footmisc Info: Declaring symbol style lamport*-robust on input line 924
.
)
\c@csm@symbol@symbolnote=\count130
\c@csm@symbol@numberednote=\count131

(/usr/share/texlive/texmf-dist/tex/latex/caption/caption.sty
Package: caption 2016/02/21 v3.3-144 Customizing captions (AR)

(/usr/share/texlive/texmf-dist/tex/latex/caption/caption3.sty
Package: caption3 2016/05/22 v1.7-166 caption3 kernel (AR)
Package caption3 Info: TeX engine: e-TeX on input line 67.
\captionmargin=\dimen120
\captionmargin@=\dimen121
\captionwidth=\dimen122
\caption@tempdima=\dimen123
\caption@indent=\dimen124
\caption@parindent=\dimen125
\caption@hangindent=\dimen126
)
\c@ContinuedFloat=\count132
Package caption Info: float package is loaded.
)
(./csm-style-files/csm-thesis-compat.sty
\c@csm@multibib@job=\count133
)
(/usr/share/texlive/texmf-dist/tex/latex/url/url.sty
\Urlmuskip=\muskip10
Package: url 2013/09/16  ver 3.4  Verb mode for urls, etc.
)
(./csm-style-files/csm-thesis-encoding.sty
\c@csm@encoding@count=\count134
))
(/usr/share/texlive/texmf-dist/tex/latex/tools/array.sty
Package: array 2016/10/06 v2.4d Tabular extension package (FMi)
\col@sep=\dimen127
\extrarowheight=\dimen128
\NC@list=\toks23
\extratabsurround=\skip51
\backup@length=\skip52
)
(/usr/share/texlive/texmf-dist/tex/latex/tools/longtable.sty
Package: longtable 2014/10/28 v4.11 Multi-page Table package (DPC)
\LTleft=\skip53
\LTright=\skip54
\LTpre=\skip55
\LTpost=\skip56
\LTchunksize=\count135
\LTcapwidth=\dimen129
\LT@head=\box40
\LT@firsthead=\box41
\LT@foot=\box42
\LT@lastfoot=\box43
\LT@cols=\count136
\LT@rows=\count137
\c@LT@tables=\count138
\c@LT@chunks=\count139
\LT@p@ftn=\toks24
)
(/usr/share/texlive/texmf-dist/tex/latex/natbib/natbib.sty
Package: natbib 2010/09/13 8.31b (PWD, AO)
\bibhang=\skip57
\bibsep=\skip58
LaTeX Info: Redefining \cite on input line 694.
\c@NAT@ctr=\count140
)
(/usr/share/texlive/texmf-dist/tex/latex/hyperref/hyperref.sty
Package: hyperref 2018/02/06 v6.86b Hypertext links for LaTeX

(/usr/share/texlive/texmf-dist/tex/generic/oberdiek/hobsub-hyperref.sty
Package: hobsub-hyperref 2016/05/16 v1.14 Bundle oberdiek, subset hyperref (HO)


(/usr/share/texlive/texmf-dist/tex/generic/oberdiek/hobsub-generic.sty
Package: hobsub-generic 2016/05/16 v1.14 Bundle oberdiek, subset generic (HO)
Package: hobsub 2016/05/16 v1.14 Construct package bundles (HO)
Package: infwarerr 2016/05/16 v1.4 Providing info/warning/error messages (HO)
Package: ltxcmds 2016/05/16 v1.23 LaTeX kernel commands for general use (HO)
Package: ifluatex 2016/05/16 v1.4 Provides the ifluatex switch (HO)
Package ifluatex Info: LuaTeX not detected.
Package hobsub Info: Skipping package `ifvtex' (already loaded).
Package: intcalc 2016/05/16 v1.2 Expandable calculations with integers (HO)
Package hobsub Info: Skipping package `ifpdf' (already loaded).
Package: etexcmds 2016/05/16 v1.6 Avoid name clashes with e-TeX commands (HO)
Package etexcmds Info: Could not find \expanded.
(etexcmds)             That can mean that you are not using pdfTeX 1.50 or
(etexcmds)             that some package has redefined \expanded.
(etexcmds)             In the latter case, load this package earlier.
Package: kvsetkeys 2016/05/16 v1.17 Key value parser (HO)
Package: kvdefinekeys 2016/05/16 v1.4 Define keys (HO)
Package: pdftexcmds 2018/01/21 v0.26 Utility functions of pdfTeX for LuaTeX (HO
)
Package pdftexcmds Info: LuaTeX not detected.
Package pdftexcmds Info: \pdf@primitive is available.
Package pdftexcmds Info: \pdf@ifprimitive is available.
Package pdftexcmds Info: \pdfdraftmode found.
Package: pdfescape 2016/05/16 v1.14 Implements pdfTeX's escape features (HO)
Package: bigintcalc 2016/05/16 v1.4 Expandable calculations on big integers (HO
)
Package: bitset 2016/05/16 v1.2 Handle bit-vector datatype (HO)
Package: uniquecounter 2016/05/16 v1.3 Provide unlimited unique counter (HO)
)
Package hobsub Info: Skipping package `hobsub' (already loaded).
Package: letltxmacro 2016/05/16 v1.5 Let assignment for LaTeX macros (HO)
Package: hopatch 2016/05/16 v1.3 Wrapper for package hooks (HO)
Package: xcolor-patch 2016/05/16 xcolor patch
Package: atveryend 2016/05/16 v1.9 Hooks at the very end of document (HO)
Package atveryend Info: \enddocument detected (standard20110627).
Package: atbegshi 2016/06/09 v1.18 At begin shipout hook (HO)
Package: refcount 2016/05/16 v3.5 Data extraction from label references (HO)
Package: hycolor 2016/05/16 v1.8 Color options for hyperref/bookmark (HO)
)
(/usr/share/texlive/texmf-dist/tex/latex/oberdiek/auxhook.sty
Package: auxhook 2016/05/16 v1.4 Hooks for auxiliary files (HO)


Package auxhook Warning: Cannot patch \document,
(auxhook)                using \AtBeginDocument instead.

) (/usr/share/texlive/texmf-dist/tex/latex/oberdiek/kvoptions.sty
Package: kvoptions 2016/05/16 v3.12 Key value format for package options (HO)
)
\@linkdim=\dimen130
\Hy@linkcounter=\count141
\Hy@pagecounter=\count142

(/usr/share/texlive/texmf-dist/tex/latex/hyperref/pd1enc.def
File: pd1enc.def 2018/02/06 v6.86b Hyperref: PDFDocEncoding definition (HO)
)
\Hy@SavedSpaceFactor=\count143

(/usr/share/texlive/texmf-dist/tex/latex/latexconfig/hyperref.cfg
File: hyperref.cfg 2002/06/06 v1.2 hyperref configuration of TeXLive
)
Package hyperref Info: Option `breaklinks' set `true' on input line 4383.
Package hyperref Info: Hyper figures OFF on input line 4509.
Package hyperref Info: Link nesting OFF on input line 4514.
Package hyperref Info: Hyper index ON on input line 4517.
Package hyperref Info: Plain pages OFF on input line 4524.
Package hyperref Info: Backreferencing OFF on input line 4529.
Package hyperref Info: Implicit mode ON; LaTeX internals redefined.
Package hyperref Info: Bookmarks ON on input line 4762.
\c@Hy@tempcnt=\count144
LaTeX Info: Redefining \url on input line 5115.
\XeTeXLinkMargin=\dimen131
\Fld@menulength=\count145
\Field@Width=\dimen132
\Fld@charsize=\dimen133
Package hyperref Info: Hyper figures OFF on input line 6369.
Package hyperref Info: Link nesting OFF on input line 6374.
Package hyperref Info: Hyper index ON on input line 6377.
Package hyperref Info: backreferencing OFF on input line 6384.
Package hyperref Info: Link coloring OFF on input line 6389.
Package hyperref Info: Link coloring with OCG OFF on input line 6394.
Package hyperref Info: PDF/A mode OFF on input line 6399.
LaTeX Info: Redefining \ref on input line 6439.
LaTeX Info: Redefining \pageref on input line 6443.
\Hy@abspage=\count146
\c@Item=\count147
\c@Hfootnote=\count148
)
Package hyperref Info: Driver (autodetected): hpdftex.

(/usr/share/texlive/texmf-dist/tex/latex/hyperref/hpdftex.def
File: hpdftex.def 2018/02/06 v6.86b Hyperref driver for pdfTeX
\Fld@listcount=\count149
\c@bookmark@seq@number=\count150

(/usr/share/texlive/texmf-dist/tex/latex/oberdiek/rerunfilecheck.sty
Package: rerunfilecheck 2016/05/16 v1.8 Rerun checks for auxiliary files (HO)
Package uniquecounter Info: New unique counter `rerunfilecheck' on input line 2
82.
)
\Hy@SectionHShift=\skip59
)
(/usr/share/texlive/texmf-dist/tex/latex/oberdiek/pdflscape.sty
Package: pdflscape 2016/05/14 v0.11 Display of landscape pages in PDF (HO)

(/usr/share/texlive/texmf-dist/tex/latex/graphics/lscape.sty
Package: lscape 2000/10/22 v3.01 Landscape Pages (DPC)
)
Package pdflscape Info: Auto-detected driver: pdftex on input line 81.
)
(/usr/share/texlive/texmf-dist/tex/latex/amsmath/amsmath.sty
Package: amsmath 2017/09/02 v2.17a AMS math features
\@mathmargin=\skip60

For additional information on amsmath, use the `?' option.
(/usr/share/texlive/texmf-dist/tex/latex/amsmath/amstext.sty
Package: amstext 2000/06/29 v2.01 AMS text

(/usr/share/texlive/texmf-dist/tex/latex/amsmath/amsgen.sty
File: amsgen.sty 1999/11/30 v2.0 generic functions
\@emptytoks=\toks25
\ex@=\dimen134
))
(/usr/share/texlive/texmf-dist/tex/latex/amsmath/amsbsy.sty
Package: amsbsy 1999/11/29 v1.2d Bold Symbols
\pmbraise@=\dimen135
)
(/usr/share/texlive/texmf-dist/tex/latex/amsmath/amsopn.sty
Package: amsopn 2016/03/08 v2.02 operator names
)
\inf@bad=\count151
LaTeX Info: Redefining \frac on input line 213.
\uproot@=\count152
\leftroot@=\count153
LaTeX Info: Redefining \overline on input line 375.
\classnum@=\count154
\DOTSCASE@=\count155
LaTeX Info: Redefining \ldots on input line 472.
LaTeX Info: Redefining \dots on input line 475.
LaTeX Info: Redefining \cdots on input line 596.
\Mathstrutbox@=\box44
\strutbox@=\box45
\big@size=\dimen136
LaTeX Font Info:    Redeclaring font encoding OML on input line 712.
LaTeX Font Info:    Redeclaring font encoding OMS on input line 713.
\macc@depth=\count156
\c@MaxMatrixCols=\count157
\dotsspace@=\muskip11
\c@parentequation=\count158
\dspbrk@lvl=\count159
\tag@help=\toks26
\row@=\count160
\column@=\count161
\maxfields@=\count162
\andhelp@=\toks27
\eqnshift@=\dimen137
\alignsep@=\dimen138
\tagshift@=\dimen139
\tagwidth@=\dimen140
\totwidth@=\dimen141
\lineht@=\dimen142
\@envbody=\toks28
\multlinegap=\skip61
\multlinetaggap=\skip62
\mathdisplay@stack=\toks29
LaTeX Info: Redefining \[ on input line 2817.
LaTeX Info: Redefining \] on input line 2818.
)
(/usr/share/texlive/texmf-dist/tex/latex/listings/listings.sty
\lst@mode=\count163
\lst@gtempboxa=\box46
\lst@token=\toks30
\lst@length=\count164
\lst@currlwidth=\dimen143
\lst@column=\count165
\lst@pos=\count166
\lst@lostspace=\dimen144
\lst@width=\dimen145
\lst@newlines=\count167
\lst@lineno=\count168
\lst@maxwidth=\dimen146

(/usr/share/texlive/texmf-dist/tex/latex/listings/lstmisc.sty
File: lstmisc.sty 2015/06/04 1.6 (Carsten Heinz)
\c@lstnumber=\count169
\lst@skipnumbers=\count170
\lst@framebox=\box47
)
(/usr/share/texlive/texmf-dist/tex/latex/listings/listings.cfg
File: listings.cfg 2015/06/04 1.6 listings configuration
))
Package: listings 2015/06/04 1.6 (Carsten Heinz)

(/usr/share/texlive/texmf-dist/tex/latex/graphics/rotating.sty
Package: rotating 2016/08/11 v2.16d rotated objects in LaTeX

(/usr/share/texlive/texmf-dist/tex/latex/base/ifthen.sty
Package: ifthen 2014/09/29 v1.1c Standard LaTeX ifthen package (DPC)
)
\c@r@tfl@t=\count171
\rotFPtop=\skip63
\rotFPbot=\skip64
\rot@float@box=\box48
\rot@mess@toks=\toks31
)
(/usr/share/texlive/texmf-dist/tex/latex/lipsum/lipsum.sty
Package: lipsum 2014/07/27 v1.3 150 paragraphs of Lorem Ipsum dummy text
\c@lips@count=\count172
) (./my-Equations.sty
Package: my-Equations 2020
(/usr/share/texlive/texmf-dist/tex/latex/jknapltx/mathrsfs.sty
Package: mathrsfs 1996/01/01 Math RSFS package v1.0 (jk)
\symrsfs=\mathgroup4
))
(/usr/share/texlive/texmf-dist/tex/latex/multirow/multirow.sty
Package: multirow 2016/11/25 v2.2 Span multiple rows of a table
\multirow@colwidth=\skip65
\multirow@cntb=\count173
\multirow@dima=\skip66
\bigstrutjot=\dimen147
)
(/usr/share/texlive/texmf-dist/tex/latex/xcolor/xcolor.sty
Package: xcolor 2016/05/11 v2.12 LaTeX color extensions (UK)

(/usr/share/texlive/texmf-dist/tex/latex/graphics-cfg/color.cfg
File: color.cfg 2016/01/02 v1.6 sample color configuration
)
Package xcolor Info: Driver file: pdftex.def on input line 225.
Package xcolor Info: Model `cmy' substituted by `cmy0' on input line 1348.
Package xcolor Info: Model `hsb' substituted by `rgb' on input line 1352.
Package xcolor Info: Model `RGB' extended on input line 1364.
Package xcolor Info: Model `HTML' substituted by `rgb' on input line 1366.
Package xcolor Info: Model `Hsb' substituted by `hsb' on input line 1367.
Package xcolor Info: Model `tHsb' substituted by `hsb' on input line 1368.
Package xcolor Info: Model `HSB' substituted by `hsb' on input line 1369.
Package xcolor Info: Model `Gray' substituted by `gray' on input line 1370.
Package xcolor Info: Model `wave' substituted by `hsb' on input line 1371.
)
(/usr/share/texlive/texmf-dist/tex/latex/soul/soul.sty
Package: soul 2003/11/17 v2.4 letterspacing/underlining (mf)
\SOUL@word=\toks32
\SOUL@lasttoken=\toks33
\SOUL@cmds=\toks34
\SOUL@buffer=\toks35
\SOUL@token=\toks36
\SOUL@spaceskip=\skip67
\SOUL@ttwidth=\dimen148
\SOUL@uldp=\dimen149
\SOUL@ulht=\dimen150
)
\csm@temp@endhead=\box49

(/usr/share/texlive/texmf-dist/tex/latex/subfig/subfig.sty
Package: subfig 2005/06/28 ver: 1.3 subfig package
\c@KVtest=\count174
\sf@farskip=\skip68
\sf@captopadj=\dimen151
\sf@capskip=\skip69
\sf@nearskip=\skip70
\c@subfigure=\count175
\c@subfigure@save=\count176
\c@lofdepth=\count177
\c@subtable=\count178
\c@subtable@save=\count179
\c@lotdepth=\count180
\sf@top=\skip71
\sf@bottom=\skip72
)
(./austin-frank-oltmanns-dissertation.aux
\csm@redefined@appendix@saved=\count181
\csm@appendicies=\count182
)
\openout1 = `austin-frank-oltmanns-dissertation.aux'.

LaTeX Font Info:    Checking defaults for OML/cmm/m/it on input line 61.
LaTeX Font Info:    ... okay on input line 61.
LaTeX Font Info:    Checking defaults for T1/cmr/m/n on input line 61.
LaTeX Font Info:    ... okay on input line 61.
LaTeX Font Info:    Checking defaults for OT1/cmr/m/n on input line 61.
LaTeX Font Info:    ... okay on input line 61.
LaTeX Font Info:    Checking defaults for OMS/cmsy/m/n on input line 61.
LaTeX Font Info:    ... okay on input line 61.
LaTeX Font Info:    Checking defaults for OMX/cmex/m/n on input line 61.
LaTeX Font Info:    ... okay on input line 61.
LaTeX Font Info:    Checking defaults for U/cmr/m/n on input line 61.
LaTeX Font Info:    ... okay on input line 61.
LaTeX Font Info:    Checking defaults for PD1/pdf/m/n on input line 61.
LaTeX Font Info:    ... okay on input line 61.

(./austin-frank-oltmanns-dissertation.lot)
(./austin-frank-oltmanns-dissertation.lof)
*geometry* driver: auto-detecting
*geometry* detected driver: pdftex
*geometry* verbose mode - [ preamble ] result:
* driver: pdftex
* paper: letterpaper
* layout: <same size as paper>
* layoutoffset:(h,v)=(0.0pt,0.0pt)
* modes: 
* h-part:(L,W,R)=(72.26999pt, 469.75502pt, 72.26999pt)
* v-part:(T,H,B)=(72.26999pt, 650.43001pt, 72.26999pt)
* \paperwidth=614.295pt
* \paperheight=794.96999pt
* \textwidth=469.75502pt
* \textheight=650.43001pt
* \oddsidemargin=0.0pt
* \evensidemargin=0.0pt
* \topmargin=0.0pt
* \headheight=0.0pt
* \headsep=0.0pt
* \topskip=10.0pt
* \footskip=36.135pt
* \marginparwidth=65.0pt
* \marginparsep=11.0pt
* \columnsep=10.0pt
* \skip\footins=9.0pt plus 4.0pt minus 2.0pt
* \hoffset=0.0pt
* \voffset=0.0pt
* \mag=1000
* \@twocolumnfalse
* \@twosidefalse
* \@mparswitchfalse
* \@reversemarginfalse
* (1in=72.27pt=25.4mm, 1cm=28.453pt)

(/usr/share/texlive/texmf-dist/tex/context/base/mkii/supp-pdf.mkii
[Loading MPS to PDF converter (version 2006.09.02).]
\scratchcounter=\count183
\scratchdimen=\dimen152
\scratchbox=\box50
\nofMPsegments=\count184
\nofMParguments=\count185
\everyMPshowfont=\toks37
\MPscratchCnt=\count186
\MPscratchDim=\dimen153
\MPnumerator=\count187
\makeMPintoPDFobject=\count188
\everyMPtoPDFconversion=\toks38
) (/usr/share/texlive/texmf-dist/tex/latex/oberdiek/epstopdf-base.sty
Package: epstopdf-base 2016/05/15 v2.6 Base part for package epstopdf

(/usr/share/texlive/texmf-dist/tex/latex/oberdiek/grfext.sty
Package: grfext 2016/05/16 v1.2 Manage graphics extensions (HO)
)
Package epstopdf-base Info: Redefining graphics rule for `.eps' on input line 4
38.
Package grfext Info: Graphics extension search list:
(grfext)             [.pdf,.png,.jpg,.mps,.jpeg,.jbig2,.jb2,.PDF,.PNG,.JPG,.JPE
G,.JBIG2,.JB2,.eps]
(grfext)             \AppendGraphicsExtensions on input line 456.

(/usr/share/texlive/texmf-dist/tex/latex/latexconfig/epstopdf-sys.cfg
File: epstopdf-sys.cfg 2010/07/13 v1.3 Configuration of (r)epstopdf for TeX Liv
e
))
Package caption Info: Begin \AtBeginDocument code.
Package caption Info: subfig package v1.3 is loaded.
Package caption Info: hyperref package is loaded.
Package caption Info: listings package is loaded.
Package caption Info: longtable package is loaded.

(/usr/share/texlive/texmf-dist/tex/latex/caption/ltcaption.sty
Package: ltcaption 2013/06/09 v1.4-94 longtable captions (AR)
)
Package caption Info: rotating package is loaded.
Package caption Info: End \AtBeginDocument code.
\AtBeginShipoutBox=\box51
Package hyperref Info: Link coloring OFF on input line 61.

(/usr/share/texlive/texmf-dist/tex/latex/hyperref/nameref.sty
Package: nameref 2016/05/21 v2.44 Cross-referencing by name of section

(/usr/share/texlive/texmf-dist/tex/generic/oberdiek/gettitlestring.sty
Package: gettitlestring 2016/05/16 v1.5 Cleanup title references (HO)
)
\c@section@level=\count189
)
LaTeX Info: Redefining \ref on input line 61.
LaTeX Info: Redefining \pageref on input line 61.
LaTeX Info: Redefining \nameref on input line 61.

(./austin-frank-oltmanns-dissertation.out)
(./austin-frank-oltmanns-dissertation.out)
\@outlinefile=\write3
\openout3 = `austin-frank-oltmanns-dissertation.out'.

\c@lstlisting=\count190
 [1

{/var/lib/texmf/fonts/map/pdftex/updmap/pdftex.map}]
LaTeX Font Info:    Try loading font information for OMS+cmr on input line 72.
 (/usr/share/texlive/texmf-dist/tex/latex/base/omscmr.fd
File: omscmr.fd 2014/09/29 v2.5h Standard LaTeX font definitions
)
LaTeX Font Info:    Font shape `OMS/cmr/bx/n' in size <10> not available
(Font)              Font shape `OMS/cmsy/b/n' tried instead on input line 72.

[2] [2] (./chapter/i-abstract.tex
LaTeX Font Info:    Try loading font information for U+rsfs on input line 17.

(/usr/share/texlive/texmf-dist/tex/latex/jknapltx/ursfs.fd
File: ursfs.fd 1998/03/24 rsfs font definition file (jk)
)) [3]
(./austin-frank-oltmanns-dissertation.toc [4])
\tf@toc=\write4
\openout4 = `austin-frank-oltmanns-dissertation.toc'.

 [5]
(./austin-frank-oltmanns-dissertation.lof)
\tf@lof=\write5
\openout5 = `austin-frank-oltmanns-dissertation.lof'.

 [6] [7]
(./austin-frank-oltmanns-dissertation.lot)
\tf@lot=\write6
\openout6 = `austin-frank-oltmanns-dissertation.lot'.

 [8]
(./austin-frank-oltmanns-dissertation.los)
\tf@los=\write7
\openout7 = `austin-frank-oltmanns-dissertation.los'.


(./austin-frank-oltmanns-dissertation.GeneralNomenclature)
\tf@GeneralNomenclature=\write8
\openout8 = `austin-frank-oltmanns-dissertation.GeneralNomenclature'.

 [9]
(./austin-frank-oltmanns-dissertation.loabbrv)
\tf@loabbrv=\write9
\openout9 = `austin-frank-oltmanns-dissertation.loabbrv'.

 [10]
(./supporting-files/symbols-and-abbreviations.tex)
(./chapter/00-acknowledgements.tex) [11] [12] (./chapter/01-Introduction.tex
<./figures/Continuous_Miner.jpg, id=390, 378.6948pt x 249.5724pt>
File: ./figures/Continuous_Miner.jpg Graphic file (type jpg)
<use ./figures/Continuous_Miner.jpg>
Package pdftex.def Info: ./figures/Continuous_Miner.jpg  used on input line 24.

(pdftex.def)             Requested size: 328.82707pt x 216.71114pt.

[1

 <./figures/Continuous_Miner.jpg>]) (./chapter/02-mining_bg.tex [2]

LaTeX Warning: No positions in optional float specifier.
               Default added (so using `htbp') on input line 33.

[3

]) (./chapter/03-sensor_bg.tex [4]

LaTeX Warning: Reference `tab:technologies' on page 5 undefined on input line 8
.

) (./chapter/04-classification_regression_bg.tex [5

])
(./chapter/05-P1-Journal-Chapter.tex [6

] [7

]
<figures/p1_media/Fig1.png, id=478, 246.6816pt x 246.6816pt>
File: figures/p1_media/Fig1.png Graphic file (type png)
<use figures/p1_media/Fig1.png>
Package pdftex.def Info: figures/p1_media/Fig1.png  used on input line 96.
(pdftex.def)             Requested size: 216.81pt x 216.81699pt.
 [8]
<figures/p1_media/Fig2.png, id=499, 678.3744pt x 164.2938pt>
File: figures/p1_media/Fig2.png Graphic file (type png)
<use figures/p1_media/Fig2.png>
Package pdftex.def Info: figures/p1_media/Fig2.png  used on input line 128.
(pdftex.def)             Requested size: 216.81pt x 52.50739pt.
 [9 <./figures/p1_media/Fig1.png> <./figures/p1_media/Fig2.png>] [10] [11]

Package caption Warning: \label without proper reference on input line 282.
See the caption package documentation for explanation.


LaTeX Warning: Reference `tab:preproc' on page 12 undefined on input line 266.


LaTeX Warning: `h' float specifier changed to `ht'.

[12] [13] [14] [15]
<figures/p1_media/Fig3.png, id=617, 246.6816pt x 163.812pt>
File: figures/p1_media/Fig3.png Graphic file (type png)
<use figures/p1_media/Fig3.png>
Package pdftex.def Info: figures/p1_media/Fig3.png  used on input line 483.
(pdftex.def)             Requested size: 216.81pt x 143.98001pt.
 [16] [17 <./figures/p1_media/Fig3.png>]
<figures/p1_media/Fig4.png, id=642, 1387.584pt x 712.5822pt>
File: figures/p1_media/Fig4.png Graphic file (type png)
<use figures/p1_media/Fig4.png>
Package pdftex.def Info: figures/p1_media/Fig4.png  used on input line 549.
(pdftex.def)             Requested size: 397.48499pt x 204.12097pt.
<figures/p1_media/Fig5.png, id=643, 1387.584pt x 712.5822pt>
File: figures/p1_media/Fig5.png Graphic file (type png)
<use figures/p1_media/Fig5.png>
Package pdftex.def Info: figures/p1_media/Fig5.png  used on input line 562.
(pdftex.def)             Requested size: 397.48499pt x 204.12097pt.
 [18 <./figures/p1_media/Fig4.png>] [19 <./figures/p1_media/Fig5.png>]
<figures/p1_media/Fig6.jpg, id=659, 216.81pt x 216.81pt>
File: figures/p1_media/Fig6.jpg Graphic file (type jpg)
<use figures/p1_media/Fig6.jpg>
Package pdftex.def Info: figures/p1_media/Fig6.jpg  used on input line 612.
(pdftex.def)             Requested size: 216.81pt x 216.81938pt.
 [20 <./figures/p1_media/Fig6.jpg>]
<figures/p1_media/Fig7.png, id=672, 1387.584pt x 712.5822pt>
File: figures/p1_media/Fig7.png Graphic file (type png)
<use figures/p1_media/Fig7.png>
Package pdftex.def Info: figures/p1_media/Fig7.png  used on input line 690.
(pdftex.def)             Requested size: 397.48499pt x 204.12097pt.
<figures/p1_media/Fig8.png, id=673, 313.17pt x 313.17pt>
File: figures/p1_media/Fig8.png Graphic file (type png)
<use figures/p1_media/Fig8.png>
Package pdftex.def Info: figures/p1_media/Fig8.png  used on input line 701.
(pdftex.def)             Requested size: 397.48499pt x 397.49687pt.
<figures/p1_media/Fig9.png, id=674, 313.17pt x 313.17pt>
File: figures/p1_media/Fig9.png Graphic file (type png)
<use figures/p1_media/Fig9.png>
Package pdftex.def Info: figures/p1_media/Fig9.png  used on input line 713.
(pdftex.def)             Requested size: 397.48499pt x 397.49687pt.
<figures/p1_media/Fig10.png, id=675, 1387.584pt x 712.5822pt>
File: figures/p1_media/Fig10.png Graphic file (type png)
<use figures/p1_media/Fig10.png>
Package pdftex.def Info: figures/p1_media/Fig10.png  used on input line 726.
(pdftex.def)             Requested size: 397.48499pt x 204.12097pt.
<figures/p1_media/Fig11.png, id=676, 1387.584pt x 712.5822pt>
File: figures/p1_media/Fig11.png Graphic file (type png)
<use figures/p1_media/Fig11.png>
Package pdftex.def Info: figures/p1_media/Fig11.png  used on input line 740.
(pdftex.def)             Requested size: 397.48499pt x 204.12097pt.


LaTeX Warning: No positions in optional float specifier.
               Default added (so using `htbp') on input line 752.


LaTeX Warning: `h' float specifier changed to `ht'.


LaTeX Warning: `h' float specifier changed to `ht'.

[21] [22 <./figures/p1_media/Fig7.png>] [23 <./figures/p1_media/Fig8.png>]
[24 <./figures/p1_media/Fig9.png>] [25 <./figures/p1_media/Fig10.png> <./figure
s/p1_media/Fig11.png>]) (./chapter/06-P2-Journal-Chapter.tex [26]

LaTeX Warning: Reference `sec-Apx-C' on page 27 undefined on input line 20.

[27

]) (./chapter/07-P3-Journal-Chapter.tex [28])
(./chapter/08-load_cell_compare.tex [29

]) (./chapter/09-acoustic_extension.tex
[30

]) (./chapter/10-extra_modelling_and_recs.tex [31

]) [32

]
(./austin-frank-oltmanns-dissertation.bbl
Missing character: There is no â in font cmr10!
Missing character: There is no € in font cmr10!
Missing character: There is no ” in font cmr10!
 [33

]
Missing character: There is no Å in font cmr10!
Missing character: There is no ‚ in font cmr10!
 [34] [35] [36]
Missing character: There is no Ã in font cmr10!
Missing character: There is no © in font cmr10!
Missing character: There is no Ä in font cmr10!
Missing character: There is no ‡ in font cmr10!
Missing character: There is no Å in font cmr10!
Missing character: There is no ¾ in font cmr10!
Missing character: There is no Å in font cmr10!
Missing character: There is no ½ in font cmr10!
Missing character: There is no Ä in font cmr10!
Missing character: There is no ‡ in font cmr10!
 [37]) [38]
(./chapter/B-Appendix.tex [39

]
(/usr/share/texlive/texmf-dist/tex/latex/listings/lstlang1.sty
File: lstlang1.sty 2015/06/04 1.6 listings language file
)
Package hyperref Info: bookmark level for unknown lstlisting defaults to 0 on i
nput line 5.

(./supporting-files/matlab_code.m)) [40

]
Package atveryend Info: Empty hook `BeforeClearDocument' on input line 183.
Package atveryend Info: Empty hook `AfterLastShipout' on input line 183.

(./austin-frank-oltmanns-dissertation.aux
\csm@redefined@appendix@saved=\count191
\csm@appendicies=\count192
)
Package atveryend Info: Executing hook `AtVeryEndDocument' on input line 183.
Package atveryend Info: Executing hook `AtEndAfterFileList' on input line 183.
Package rerunfilecheck Info: File `austin-frank-oltmanns-dissertation.out' has 
not changed.
(rerunfilecheck)             Checksum: 468FBA494703A4C4D316BB558FC24A7E;2925.


LaTeX Warning: There were undefined references.

Package atveryend Info: Empty hook `AtVeryVeryEnd' on input line 183.
 ) 
Here is how much of TeX's memory you used:
 12423 strings out of 494847
 186685 string characters out of 6179080
 427703 words of memory out of 5000000
 15281 multiletter control sequences out of 15000+600000
 10773 words of font info for 41 fonts, out of 8000000 for 9000
 59 hyphenation exceptions out of 8191
 50i,26n,213p,935b,1558s stack positions out of 5000i,500n,10000p,200000b,80000s
pdfTeX warning (dest): name{lstnumber.\\relax\040Listing\\protect\040\\unhbox
\040\\voidb@x\040\\penalty\040\\@M\040\\\040{A}.1.{A}.3} has been referenced bu
t does not exist, replaced by a fixed one

</usr/share/texlive/texmf-dist/fonts/type1/public/amsfonts/cm/cmbsy10.pfb></usr
/share/texlive/texmf-dist/fonts/type1/public/amsfonts/cm/cmbx10.pfb></usr/share
/texlive/texmf-dist/fonts/type1/public/amsfonts/cm/cmbx7.pfb></usr/share/texliv
e/texmf-dist/fonts/type1/public/amsfonts/cm/cmbx9.pfb></usr/share/texlive/texmf
-dist/fonts/type1/public/amsfonts/cm/cmex10.pfb></usr/share/texlive/texmf-dist/
fonts/type1/public/amsfonts/cm/cmmi10.pfb></usr/share/texlive/texmf-dist/fonts/
type1/public/amsfonts/cm/cmmi7.pfb></usr/share/texlive/texmf-dist/fonts/type1/p
ublic/amsfonts/cm/cmr10.pfb></usr/share/texlive/texmf-dist/fonts/type1/public/a
msfonts/cm/cmr6.pfb></usr/share/texlive/texmf-dist/fonts/type1/public/amsfonts/
cm/cmr7.pfb></usr/share/texlive/texmf-dist/fonts/type1/public/amsfonts/cm/cmr8.
pfb></usr/share/texlive/texmf-dist/fonts/type1/public/amsfonts/cm/cmr9.pfb></us
r/share/texlive/texmf-dist/fonts/type1/public/amsfonts/cm/cmsy10.pfb></usr/shar
e/texlive/texmf-dist/fonts/type1/public/amsfonts/cm/cmsy7.pfb></usr/share/texli
ve/texmf-dist/fonts/type1/public/amsfonts/cm/cmti10.pfb></usr/share/texlive/tex
mf-dist/fonts/type1/public/amsfonts/cm/cmti9.pfb></usr/share/texlive/texmf-dist
/fonts/type1/public/amsfonts/cm/cmtt10.pfb>
Output written on austin-frank-oltmanns-dissertation.pdf (53 pages, 5232604 byt
es).
PDF statistics:
 916 PDF objects out of 1000 (max. 8388607)
 809 compressed objects within 9 object streams
 206 named destinations out of 1000 (max. 500000)
 421 words of extra memory for PDF output out of 10000 (max. 10000000)

