\BOOKMARK [1][-]{section*.1}{Abstract}{}% 1
\BOOKMARK [1][-]{toc.1}{Table of Contents}{}% 2
\BOOKMARK [1][-]{section*.2}{List of Figures}{}% 3
\BOOKMARK [1][-]{section*.3}{List of Tables}{}% 4
\BOOKMARK [1][-]{section*.4}{List of Symbols}{}% 5
\BOOKMARK [1][-]{section*.5}{List of Abbreviations}{}% 6
\BOOKMARK [1][-]{section*.6}{Acknowledgments}{}% 7
\BOOKMARK [1][-]{section*.7}{Dedication}{}% 8
\BOOKMARK [1][-]{section*.8}{Introduction}{}% 9
\BOOKMARK [1][-]{section*.10}{ Mining Safety Background }{}% 10
\BOOKMARK [1][-]{section*.12}{Sensors Technology Literature Review}{}% 11
\BOOKMARK [2][-]{subsection.3.1}{IMU}{section*.12}% 12
\BOOKMARK [2][-]{subsection.3.2}{Custom MEMS}{section*.12}% 13
\BOOKMARK [2][-]{subsection.3.3}{Photo \046 Video}{section*.12}% 14
\BOOKMARK [2][-]{subsection.3.4}{Piezo}{section*.12}% 15
\BOOKMARK [2][-]{subsection.3.5}{Radio Antenna}{section*.12}% 16
\BOOKMARK [2][-]{subsection.3.6}{Thermal}{section*.12}% 17
\BOOKMARK [2][-]{subsection.3.7}{Strain gauges}{section*.12}% 18
\BOOKMARK [2][-]{subsection.3.8}{Acoustic}{section*.12}% 19
\BOOKMARK [2][-]{subsection.3.9}{Capacitive}{section*.12}% 20
\BOOKMARK [1][-]{section*.15}{Method Selection}{}% 21
\BOOKMARK [1][-]{section*.18}{ Capacitive Load Cells to Promote Worker Safety }{}% 22
\BOOKMARK [2][-]{subsection.5.1}{Abstract}{section*.18}% 23
\BOOKMARK [2][-]{subsection.5.2}{Introduction}{section*.18}% 24
\BOOKMARK [2][-]{subsection.5.3}{Material and Wear Classification}{section*.18}% 25
\BOOKMARK [3][-]{subsubsection.5.3.1}{Classification Methods}{subsection.5.3}% 26
\BOOKMARK [3][-]{subsubsection.5.3.2}{Sensor Design Literature Review}{subsection.5.3}% 27
\BOOKMARK [3][-]{subsubsection.5.3.3}{Sensor Design}{subsection.5.3}% 28
\BOOKMARK [3][-]{subsubsection.5.3.4}{Sensor Characterization}{subsection.5.3}% 29
\BOOKMARK [2][-]{subsection.5.4}{Rock Cutting Experiment}{section*.18}% 30
\BOOKMARK [2][-]{subsection.5.5}{Classification Results}{section*.18}% 31
\BOOKMARK [2][-]{subsection.5.6}{Discussion}{section*.18}% 32
\BOOKMARK [2][-]{subsection.5.7}{Conclusion}{section*.18}% 33
\BOOKMARK [2][-]{subsection.5.8}{Disclosures}{section*.18}% 34
\BOOKMARK [3][-]{subsubsection.5.8.1}{Conflicts of interests}{subsection.5.8}% 35
\BOOKMARK [1][-]{section*.34}{Tool Wear Classification for Conical Picks using Acoustic Fourier Spectra Magnitude }{}% 36
\BOOKMARK [2][-]{subsection.6.1}{Abstract}{section*.34}% 37
\BOOKMARK [2][-]{subsection.6.2}{Introduction}{section*.34}% 38
\BOOKMARK [2][-]{subsection.6.3}{Background}{section*.34}% 39
\BOOKMARK [2][-]{subsection.6.4}{Materials and Methods}{section*.34}% 40
\BOOKMARK [3][-]{subsubsection.6.4.1}{Preprocessing}{subsection.6.4}% 41
\BOOKMARK [3][-]{subsubsection.6.4.2}{Classification}{subsection.6.4}% 42
\BOOKMARK [3][-]{subsubsection.6.4.3}{K-Nearest Neighbors}{subsection.6.4}% 43
\BOOKMARK [3][-]{subsubsection.6.4.4}{Support-Vector Machine}{subsection.6.4}% 44
\BOOKMARK [3][-]{subsubsection.6.4.5}{Multi-layer Perceptron Classifier}{subsection.6.4}% 45
\BOOKMARK [2][-]{subsection.6.5}{Results}{section*.34}% 46
\BOOKMARK [2][-]{subsection.6.6}{Discussion}{section*.34}% 47
\BOOKMARK [2][-]{subsection.6.7}{Conclusion}{section*.34}% 48
\BOOKMARK [2][-]{subsection.6.8}{Acknowledgments}{section*.34}% 49
\BOOKMARK [2][-]{subsection.6.9}{Declarations}{section*.34}% 50
\BOOKMARK [3][-]{subsubsection.6.9.1}{Funding}{subsection.6.9}% 51
\BOOKMARK [3][-]{subsubsection.6.9.2}{Conflict of interest}{subsection.6.9}% 52
\BOOKMARK [3][-]{subsubsection.6.9.3}{Availability of data and materials}{subsection.6.9}% 53
\BOOKMARK [3][-]{subsubsection.6.9.4}{Code availability }{subsection.6.9}% 54
\BOOKMARK [1][-]{section*.43}{Capacitive Load Cells for Underground Mining Force Sensing Applications }{}% 55
\BOOKMARK [2][-]{subsection.7.1}{Abstract}{section*.43}% 56
\BOOKMARK [2][-]{subsection.7.2}{Introduction}{section*.43}% 57
\BOOKMARK [2][-]{subsection.7.3}{Background}{section*.43}% 58
\BOOKMARK [2][-]{subsection.7.4}{Methods}{section*.43}% 59
\BOOKMARK [3][-]{subsubsection.7.4.1}{Analytical Modeling}{subsection.7.4}% 60
\BOOKMARK [3][-]{subsubsection.7.4.2}{Air Gap}{subsection.7.4}% 61
\BOOKMARK [3][-]{subsubsection.7.4.3}{Crushed Gap}{subsection.7.4}% 62
\BOOKMARK [3][-]{subsubsection.7.4.4}{Regression Techniques }{subsection.7.4}% 63
\BOOKMARK [2][-]{subsection.7.5}{Results}{section*.43}% 64
\BOOKMARK [3][-]{subsubsection.7.5.1}{Air Gap Load Frame Characterization}{subsection.7.5}% 65
\BOOKMARK [3][-]{subsubsection.7.5.2}{Rock Cutting and Model Fitting}{subsection.7.5}% 66
\BOOKMARK [2][-]{subsection.7.6}{Discussion}{section*.43}% 67
\BOOKMARK [2][-]{subsection.7.7}{Conclusion}{section*.43}% 68
\BOOKMARK [3][-]{subsubsection.7.7.1}{Acknowledgments}{subsection.7.7}% 69
\BOOKMARK [2][-]{subsection.7.8}{Declarations}{section*.43}% 70
\BOOKMARK [3][-]{subsubsection.7.8.1}{Funding}{subsection.7.8}% 71
\BOOKMARK [3][-]{subsubsection.7.8.2}{Conflict of interest}{subsection.7.8}% 72
\BOOKMARK [3][-]{subsubsection.7.8.3}{Availability of data and materials}{subsection.7.8}% 73
\BOOKMARK [3][-]{subsubsection.7.8.4}{Code availability }{subsection.7.8}% 74
\BOOKMARK [1][-]{section*.60}{Load cell design comparison }{}% 75
\BOOKMARK [1][-]{section*.63}{Longer downsampling rates for acoustic classification }{}% 76
\BOOKMARK [1][-]{section*.66}{Sensor Linearity }{}% 77
\BOOKMARK [1][-]{section*.70}{References}{}% 78
\BOOKMARK [1][-]{section*.71}{Selected Bibliography}{}% 79
\BOOKMARK [1][-]{section*.72}{Special Coolness.}{}% 80
